[debug] [2022-06-18T20:56:35.398Z] ----------------------------------------------------------------------
[debug] [2022-06-18T20:56:35.400Z] Command:       C:\Program Files\nodejs\node.exe C:\Users\HP\AppData\Roaming\npm\node_modules\firebase-tools\lib\bin\firebase.js init
[debug] [2022-06-18T20:56:35.400Z] CLI Version:   11.1.0
[debug] [2022-06-18T20:56:35.400Z] Platform:      win32
[debug] [2022-06-18T20:56:35.400Z] Node Version:  v16.15.1
[debug] [2022-06-18T20:56:35.401Z] Time:          Sun Jun 19 2022 02:26:35 GMT+0530 (India Standard Time)
[debug] [2022-06-18T20:56:35.401Z] ----------------------------------------------------------------------
[debug] 
[debug] [2022-06-18T20:56:35.406Z] > command requires scopes: ["email","openid","https://www.googleapis.com/auth/cloudplatformprojects.readonly","https://www.googleapis.com/auth/firebase","https://www.googleapis.com/auth/cloud-platform"]
[debug] [2022-06-18T20:56:35.407Z] > authorizing via signed-in user (tarkarypatna@gmail.com)
[info] 
     ######## #### ########  ######## ########     ###     ######  ########
     ##        ##  ##     ## ##       ##     ##  ##   ##  ##       ##
     ######    ##  ########  ######   ########  #########  ######  ######
     ##        ##  ##    ##  ##       ##     ## ##     ##       ## ##
     ##       #### ##     ## ######## ########  ##     ##  ######  ########

You're about to initialize a Firebase project in this directory:

  D:\tarkary website

[info] 
=== Project Setup
[info] 
[info] First, let's associate this project directory with a Firebase project.
[info] You can create multiple project aliases by running firebase use --add, 
[info] but for now we'll just set up a default project.
[info] 
[debug] [2022-06-18T20:57:09.959Z] >>> [apiv2][query] GET https://firebase.googleapis.com/v1beta1/projects pageSize=100
[debug] [2022-06-18T20:57:10.834Z] <<< [apiv2][status] GET https://firebase.googleapis.com/v1beta1/projects 200
[debug] [2022-06-18T20:57:10.834Z] <<< [apiv2][body] GET https://firebase.googleapis.com/v1beta1/projects [omitted]
[info] i  Using project tarkary-5ee8b (tarkary) 
[info] 
=== Hosting Setup
[info] 
[info] Your public directory is the folder (relative to your project directory) that
[info] will contain Hosting assets to be uploaded with firebase deploy. If you
[info] have a build process for your assets, use your build's output directory.
[info] 
